{"/Users/vivekmaskara/Documents/Projects.nosync/tutorials/circleci-serverless-unit-testing/handler.js": {"path":"/Users/vivekmaskara/Documents/Projects.nosync/tutorials/circleci-serverless-unit-testing/handler.js","statementMap":{"0":{"start":{"line":3,"column":0},"end":{"line":18,"column":2}},"1":{"start":{"line":4,"column":2},"end":{"line":14,"column":4}}},"fnMap":{"0":{"name":"(anonymous_0)","decl":{"start":{"line":3,"column":23},"end":{"line":3,"column":24}},"loc":{"start":{"line":3,"column":40},"end":{"line":18,"column":1}},"line":3}},"branchMap":{},"s":{"0":1,"1":1},"f":{"0":1},"b":{},"_coverageSchema":"1a1c01bbd47fc00a2c39e90264f33305004495a9","hash":"4560970146cf4c2e4d06ce7eeb742c099e1f59ec"}
}
