TN:
SF:handler.js
FN:15,Object.<anonymous>.module.exports.uploadCsvToS3Handler
FN:47,generateDataAndUploadToS3
FN:54,uploadFile
FN:75,writeCsvToFileAndUpload
FN:83,getCsvData
FNF:5
FNH:5
FNDA:2,Object.<anonymous>.module.exports.uploadCsvToS3Handler
FNDA:2,generateDataAndUploadToS3
FNDA:2,uploadFile
FNDA:2,writeCsvToFileAndUpload
FNDA:2,getCsvData
DA:1,1
DA:2,1
DA:3,1
DA:4,1
DA:5,1
DA:6,1
DA:7,1
DA:8,1
DA:9,1
DA:10,1
DA:11,1
DA:12,1
DA:13,1
DA:14,1
DA:15,1
DA:16,2
DA:17,2
DA:18,2
DA:19,2
DA:20,2
DA:21,2
DA:22,2
DA:23,2
DA:24,2
DA:25,2
DA:26,2
DA:27,2
DA:28,2
DA:29,1
DA:30,1
DA:31,1
DA:32,1
DA:33,1
DA:34,1
DA:35,1
DA:36,1
DA:37,1
DA:38,1
DA:39,1
DA:40,1
DA:41,1
DA:42,1
DA:43,1
DA:44,1
DA:45,2
DA:46,1
DA:47,1
DA:48,2
DA:49,2
DA:50,2
DA:51,2
DA:52,2
DA:53,1
DA:54,1
DA:55,2
DA:56,2
DA:57,2
DA:58,2
DA:59,2
DA:60,2
DA:61,2
DA:62,2
DA:63,2
DA:64,2
DA:65,2
DA:66,2
DA:67,0
DA:68,0
DA:69,0
DA:70,0
DA:71,0
DA:72,2
DA:73,2
DA:74,1
DA:75,2
DA:76,2
DA:77,2
DA:78,2
DA:79,2
DA:80,2
DA:81,2
DA:82,1
DA:83,2
DA:84,2
DA:85,2
DA:86,2
DA:87,2
DA:88,2
LF:88
LH:83
BRDA:15,0,0,2
BRDA:28,1,0,1
BRDA:47,2,0,2
BRDA:54,3,0,2
BRDA:75,4,0,2
BRDA:83,5,0,2
BRF:6
BRH:6
end_of_record
